nohup: ignoring input
> Start
  > Job #0 is started
  > Job #0 is done in 19.286s [1/25]
  > Job #1 is started
  > Job #1 is done in 426.735s [2/25]
  > Job #2 is started
  > Job #2 is done in 3683.045s [3/25]
  > Job #3 is started
  > Job #3 is done in 0.04s [4/25]
  > Job #4 is started
  > Job #4 is done in 4497.156s [5/25]
  > Job #5 is started
  > Job #5 is done in 4211.807s [6/25]
  > Job #6 is started
  > Job #6 is done in 3707.78s [7/25]
  > Job #7 is started
  > Job #7 is done in 0.029s [8/25]
  > Job #8 is started
  > Job #8 is done in 2406.312s [9/25]
  > Job #9 is started
  > Job #9 is done in 0.299s [10/25]
  > Job #10 is started
  > Job #10 is done in 2.513s [11/25]
  > Job #11 is started
  > Job #11 is done in 3766.646s [12/25]
  > Job #12 is started
  > Job #12 is done in 3611.59s [13/25]
  > Job #13 is started
  > Job #13 is done in 3654.931s [14/25]
  > Job #14 is started
  > Job #14 is done in 3613.753s [15/25]
  > Job #15 is started
  > Job #15 is done in 1816.785s [16/25]
  > Job #16 is started
  > Job #16 is done in 17.109s [17/25]
  > Job #17 is started
  > Job #17 is done in 1.277s [18/25]
  > Job #18 is started
  > Job #18 is done in 3652.299s [19/25]
  > Job #19 is started
  > Job #19 is done in 12.708s [20/25]
  > Job #20 is started
  > Job #20 is done in 3604.659s [21/25]
  > Job #21 is started
  > Job #21 is done in 0.01s [22/25]
  > Job #22 is started
  > Job #22 is done in 0.049s [23/25]
  > Job #23 is started
  > Job #23 is done in 0.095s [24/25]
  > Job #24 is started
  > Job #24 is done in 4339.061s [25/25]
> Done
